<?xml version="1.0" encoding="UTF-8"?>
<testsuite xmlns:xsi="http://www.w3.org/2001/XMLSchema-instance" xsi:noNamespaceSchemaLocation="https://maven.apache.org/surefire/maven-surefire-plugin/xsd/surefire-test-report.xsd" name="tests.IsValidRegistrationTest" time="1.287" tests="3" errors="0" skipped="0" failures="1">
  <properties>
[...]
</properties>
  <testcase name="testEmptyInput" classname="tests.IsValidRegistrationTest" time="0.4"/>
  <testcase name="testValidInput" classname="tests.IsValidRegistrationTest" time="0.501">
    <failure message="expected: &lt;true&gt; but was: &lt;false&gt;" type="org.opentest4j.AssertionFailedError"><![CDATA[org.opentest4j.AssertionFailedError: expected: <true> but was: <false>
	at tests.IsValidRegistrationTest.testValidInput(IsValidRegistrationTest.java:67)
]]></failure>
  </testcase>
  <testcase name="testDifferentPasswords" classname="tests.IsValidRegistrationTest" time="0.385"/>
</testsuite>