-------------------------------------------------------------------------------
Test set: tests.IsValidRegistrationTest
-------------------------------------------------------------------------------
Tests run: 3, Failures: 1, Errors: 0, Skipped: 0, Time elapsed: 1.287 s <<< FAILURE! - in tests.IsValidRegistrationTest
testValidInput  Time elapsed: 0.501 s  <<< FAILURE!
org.opentest4j.AssertionFailedError: expected: <true> but was: <false>
	at tests.IsValidRegistrationTest.testValidInput(IsValidRegistrationTest.java:67)

